<?xml version="1.0" encoding="UTF-8"?>
<!-- Generated by org.testng.reporters.JUnitXMLReporter -->
<testsuite hostname="RSI1506" ignored="0" name="Funcionalidades Cadastro, Pesquisa de Produto, Pesquisa pelo Campo" tests="6" failures="0" timestamp="2020-02-07T17:46:51 BRT" time="152.188" errors="0">
  <testcase name="deveCadastrarNovoUsuario" time="28.342" classname="br.com.rsinet.hub_tdd.appium.Funcionalidade_Cadastro"/>
  <testcase name="naoDeveCadastrarUsuarioExistente" time="25.823" classname="br.com.rsinet.hub_tdd.appium.Funcionalidade_Cadastro"/>
  <testcase name="deveEncontrarProdutoComDeterminadoSFiltros" time="9.811" classname="br.com.rsinet.hub_tdd.appium.Funcionalidade_PesquisaDeProduto"/>
  <testcase name="naoDeveEncontrarProdutoComDeterminadosFiltros" time="10.027" classname="br.com.rsinet.hub_tdd.appium.Funcionalidade_PesquisaDeProduto"/>
  <testcase name="deveEncontrarProdutoExistentePelaBarraDePesquisa" time="3.297" classname="br.com.rsinet.hub_tdd.appium.Funcionalidade_PesquisaPeloCampo"/>
  <testcase name="naoDeveEncontrarProdutoInexistentePelaBarraDePesquisa" time="3.322" classname="br.com.rsinet.hub_tdd.appium.Funcionalidade_PesquisaPeloCampo"/>
</testsuite> <!-- Funcionalidades Cadastro, Pesquisa de Produto, Pesquisa pelo Campo -->
