<?xml version="1.0" encoding="UTF-8"?>
<!-- Generated by org.testng.reporters.JUnitXMLReporter -->
<testsuite hostname="RSI1506" ignored="0" name="Default test" tests="2" failures="0" timestamp="2020-02-07T17:18:32 BRT" time="30.41" errors="0">
  <testcase name="deveEncontrarProdutoExistentePelaBarraDePesquisa" time="3.265" classname="br.com.rsinet.hub_tdd.appium.Funcionalidade_PesquisaPeloCampo"/>
  <testcase name="naoDeveEncontrarProdutoInexistentePelaBarraDePesquisa" time="2.644" classname="br.com.rsinet.hub_tdd.appium.Funcionalidade_PesquisaPeloCampo"/>
</testsuite> <!-- Default test -->
