<?xml version="1.0" encoding="UTF-8"?>
<!-- Generated by org.testng.reporters.JUnitXMLReporter -->
<testsuite hostname="RSI1506" ignored="0" name="Default test" tests="2" failures="0" timestamp="2020-02-05T15:40:45 BRT" time="72.712" errors="0">
  <testcase name="deveCadastrarNovoUsuario" time="26.009" classname="br.com.rsinet.hub_tdd.appium.Funcionalidade_Cadastro"/>
  <testcase name="naoDeveCadastrarUsuarioExistente" time="27.473" classname="br.com.rsinet.hub_tdd.appium.Funcionalidade_Cadastro"/>
</testsuite> <!-- Default test -->
